GROUP,PACKAGE,CLASS,INSTRUCTION_MISSED,INSTRUCTION_COVERED,BRANCH_MISSED,BRANCH_COVERED,LINE_MISSED,LINE_COVERED,COMPLEXITY_MISSED,COMPLEXITY_COVERED,METHOD_MISSED,METHOD_COVERED
sistemaBicicletario,controller,Main,25,0,2,0,9,0,5,0,4,0
sistemaBicicletario,controller,Controller,35,0,0,0,7,0,2,0,2,0
sistemaBicicletario,util,ErrorResponse,7,8,0,0,2,4,1,4,1,4
sistemaBicicletario,util,JavalinApp,0,36,0,0,0,14,0,6,0,6
sistemaBicicletario,util,Validator,7,20,0,4,2,5,1,4,1,2
sistemaBicicletario,bicicleta,Bicicleta,15,73,0,0,8,29,4,13,4,13
sistemaBicicletario,bicicleta,ControllerBicicleta,0,132,0,16,0,38,0,13,0,5
sistemaBicicletario,bicicleta,BicicletaStatus,0,64,0,0,0,7,0,1,0,1
sistemaBicicletario,bicicleta,JDBCMock,17,136,2,20,3,25,2,15,1,5
