<?xml version="1.0" encoding="UTF-8"?>
<testsuite xmlns:xsi="http://www.w3.org/2001/XMLSchema-instance" xsi:noNamespaceSchemaLocation="https://maven.apache.org/surefire/maven-surefire-plugin/xsd/surefire-test-report.xsd" name="bicicleta.JDBCMockTest" time="0.001" tests="7" errors="0" skipped="0" failures="0">
  <properties>
[...]
</properties>
  <testcase name="testDeleteDataSuccess" classname="bicicleta.JDBCMockTest" time="0"/>
  <testcase name="testUpdateDataNewInstance" classname="bicicleta.JDBCMockTest" time="0"/>
  <testcase name="testGetDataByIdSuccess" classname="bicicleta.JDBCMockTest" time="0"/>
  <testcase name="testDeleteDataFailure" classname="bicicleta.JDBCMockTest" time="0"/>
  <testcase name="testGetDataByIdFailure" classname="bicicleta.JDBCMockTest" time="0"/>
  <testcase name="testGetDataByCodeSuccess" classname="bicicleta.JDBCMockTest" time="0"/>
  <testcase name="testUpdateDataSuccess" classname="bicicleta.JDBCMockTest" time="0"/>
</testsuite>